<?xml version="1.0" encoding="UTF-8"?>
<testsuite xmlns:xsi="http://www.w3.org/2001/XMLSchema-instance" xsi:noNamespaceSchemaLocation="https://maven.apache.org/surefire/maven-surefire-plugin/xsd/surefire-test-report-3.0.xsd" version="3.0" name="TestSuite" time="73.779" tests="6" errors="0" skipped="0" failures="0">
  <properties>
    <property name="java.specification.version" value="17"/>
    <property name="sun.jnu.encoding" value="UTF-8"/>
    <property name="java.class.path" value="/Users/kshitij.kumar/IdeaProjects/AutomationAssessment/target/test-classes:/Users/kshitij.kumar/IdeaProjects/AutomationAssessment/target/classes:/Users/kshitij.kumar/.m2/repository/junit/junit/4.12/junit-4.12.jar:/Users/kshitij.kumar/.m2/repository/org/hamcrest/hamcrest-core/1.3/hamcrest-core-1.3.jar:/Users/kshitij.kumar/.m2/repository/org/seleniumhq/selenium/selenium-java/3.141.59/selenium-java-3.141.59.jar:/Users/kshitij.kumar/.m2/repository/org/seleniumhq/selenium/selenium-api/3.141.59/selenium-api-3.141.59.jar:/Users/kshitij.kumar/.m2/repository/org/seleniumhq/selenium/selenium-chrome-driver/3.141.59/selenium-chrome-driver-3.141.59.jar:/Users/kshitij.kumar/.m2/repository/org/seleniumhq/selenium/selenium-edge-driver/3.141.59/selenium-edge-driver-3.141.59.jar:/Users/kshitij.kumar/.m2/repository/org/seleniumhq/selenium/selenium-firefox-driver/3.141.59/selenium-firefox-driver-3.141.59.jar:/Users/kshitij.kumar/.m2/repository/org/seleniumhq/selenium/selenium-ie-driver/3.141.59/selenium-ie-driver-3.141.59.jar:/Users/kshitij.kumar/.m2/repository/org/seleniumhq/selenium/selenium-opera-driver/3.141.59/selenium-opera-driver-3.141.59.jar:/Users/kshitij.kumar/.m2/repository/org/seleniumhq/selenium/selenium-remote-driver/3.141.59/selenium-remote-driver-3.141.59.jar:/Users/kshitij.kumar/.m2/repository/org/seleniumhq/selenium/selenium-safari-driver/3.141.59/selenium-safari-driver-3.141.59.jar:/Users/kshitij.kumar/.m2/repository/org/seleniumhq/selenium/selenium-support/3.141.59/selenium-support-3.141.59.jar:/Users/kshitij.kumar/.m2/repository/net/bytebuddy/byte-buddy/1.8.15/byte-buddy-1.8.15.jar:/Users/kshitij.kumar/.m2/repository/org/apache/commons/commons-exec/1.3/commons-exec-1.3.jar:/Users/kshitij.kumar/.m2/repository/com/google/guava/guava/25.0-jre/guava-25.0-jre.jar:/Users/kshitij.kumar/.m2/repository/com/google/code/findbugs/jsr305/1.3.9/jsr305-1.3.9.jar:/Users/kshitij.kumar/.m2/repository/org/checkerframework/checker-compat-qual/2.0.0/checker-compat-qual-2.0.0.jar:/Users/kshitij.kumar/.m2/repository/com/google/errorprone/error_prone_annotations/2.1.3/error_prone_annotations-2.1.3.jar:/Users/kshitij.kumar/.m2/repository/com/google/j2objc/j2objc-annotations/1.1/j2objc-annotations-1.1.jar:/Users/kshitij.kumar/.m2/repository/org/codehaus/mojo/animal-sniffer-annotations/1.14/animal-sniffer-annotations-1.14.jar:/Users/kshitij.kumar/.m2/repository/com/squareup/okhttp3/okhttp/3.11.0/okhttp-3.11.0.jar:/Users/kshitij.kumar/.m2/repository/com/squareup/okio/okio/1.14.0/okio-1.14.0.jar:/Users/kshitij.kumar/.m2/repository/org/testng/testng/7.4.0/testng-7.4.0.jar:/Users/kshitij.kumar/.m2/repository/com/beust/jcommander/1.78/jcommander-1.78.jar:/Users/kshitij.kumar/.m2/repository/org/webjars/jquery/3.5.1/jquery-3.5.1.jar:/Users/kshitij.kumar/.m2/repository/io/qameta/allure/allure-testng/2.17.0/allure-testng-2.17.0.jar:/Users/kshitij.kumar/.m2/repository/io/qameta/allure/allure-java-commons/2.17.0/allure-java-commons-2.17.0.jar:/Users/kshitij.kumar/.m2/repository/org/slf4j/slf4j-api/1.7.30/slf4j-api-1.7.30.jar:/Users/kshitij.kumar/.m2/repository/io/qameta/allure/allure-model/2.17.0/allure-model-2.17.0.jar:/Users/kshitij.kumar/.m2/repository/io/qameta/allure/allure-test-filter/2.17.0/allure-test-filter-2.17.0.jar:"/>
    <property name="java.vm.vendor" value="Homebrew"/>
    <property name="sun.arch.data.model" value="64"/>
    <property name="java.vendor.url" value="https://github.com/Homebrew/homebrew-core/issues"/>
    <property name="user.timezone" value="Asia/Kolkata"/>
    <property name="os.name" value="Mac OS X"/>
    <property name="java.vm.specification.version" value="17"/>
    <property name="sun.java.launcher" value="SUN_STANDARD"/>
    <property name="user.country" value="IN"/>
    <property name="sun.boot.library.path" value="/opt/homebrew/Cellar/openjdk/17.0.1_1/libexec/openjdk.jdk/Contents/Home/lib"/>
    <property name="sun.java.command" value="/Users/kshitij.kumar/IdeaProjects/AutomationAssessment/target/surefire/surefirebooter8799098214434782199.jar /Users/kshitij.kumar/IdeaProjects/AutomationAssessment/target/surefire 2022-01-13T10-57-36_759-jvmRun1 surefire8513830428649297561tmp surefire_011523403045825278065tmp"/>
    <property name="http.nonProxyHosts" value="local|*.local|169.254/16|*.169.254/16"/>
    <property name="jdk.debug" value="release"/>
    <property name="surefire.test.class.path" value="/Users/kshitij.kumar/IdeaProjects/AutomationAssessment/target/test-classes:/Users/kshitij.kumar/IdeaProjects/AutomationAssessment/target/classes:/Users/kshitij.kumar/.m2/repository/junit/junit/4.12/junit-4.12.jar:/Users/kshitij.kumar/.m2/repository/org/hamcrest/hamcrest-core/1.3/hamcrest-core-1.3.jar:/Users/kshitij.kumar/.m2/repository/org/seleniumhq/selenium/selenium-java/3.141.59/selenium-java-3.141.59.jar:/Users/kshitij.kumar/.m2/repository/org/seleniumhq/selenium/selenium-api/3.141.59/selenium-api-3.141.59.jar:/Users/kshitij.kumar/.m2/repository/org/seleniumhq/selenium/selenium-chrome-driver/3.141.59/selenium-chrome-driver-3.141.59.jar:/Users/kshitij.kumar/.m2/repository/org/seleniumhq/selenium/selenium-edge-driver/3.141.59/selenium-edge-driver-3.141.59.jar:/Users/kshitij.kumar/.m2/repository/org/seleniumhq/selenium/selenium-firefox-driver/3.141.59/selenium-firefox-driver-3.141.59.jar:/Users/kshitij.kumar/.m2/repository/org/seleniumhq/selenium/selenium-ie-driver/3.141.59/selenium-ie-driver-3.141.59.jar:/Users/kshitij.kumar/.m2/repository/org/seleniumhq/selenium/selenium-opera-driver/3.141.59/selenium-opera-driver-3.141.59.jar:/Users/kshitij.kumar/.m2/repository/org/seleniumhq/selenium/selenium-remote-driver/3.141.59/selenium-remote-driver-3.141.59.jar:/Users/kshitij.kumar/.m2/repository/org/seleniumhq/selenium/selenium-safari-driver/3.141.59/selenium-safari-driver-3.141.59.jar:/Users/kshitij.kumar/.m2/repository/org/seleniumhq/selenium/selenium-support/3.141.59/selenium-support-3.141.59.jar:/Users/kshitij.kumar/.m2/repository/net/bytebuddy/byte-buddy/1.8.15/byte-buddy-1.8.15.jar:/Users/kshitij.kumar/.m2/repository/org/apache/commons/commons-exec/1.3/commons-exec-1.3.jar:/Users/kshitij.kumar/.m2/repository/com/google/guava/guava/25.0-jre/guava-25.0-jre.jar:/Users/kshitij.kumar/.m2/repository/com/google/code/findbugs/jsr305/1.3.9/jsr305-1.3.9.jar:/Users/kshitij.kumar/.m2/repository/org/checkerframework/checker-compat-qual/2.0.0/checker-compat-qual-2.0.0.jar:/Users/kshitij.kumar/.m2/repository/com/google/errorprone/error_prone_annotations/2.1.3/error_prone_annotations-2.1.3.jar:/Users/kshitij.kumar/.m2/repository/com/google/j2objc/j2objc-annotations/1.1/j2objc-annotations-1.1.jar:/Users/kshitij.kumar/.m2/repository/org/codehaus/mojo/animal-sniffer-annotations/1.14/animal-sniffer-annotations-1.14.jar:/Users/kshitij.kumar/.m2/repository/com/squareup/okhttp3/okhttp/3.11.0/okhttp-3.11.0.jar:/Users/kshitij.kumar/.m2/repository/com/squareup/okio/okio/1.14.0/okio-1.14.0.jar:/Users/kshitij.kumar/.m2/repository/org/testng/testng/7.4.0/testng-7.4.0.jar:/Users/kshitij.kumar/.m2/repository/com/beust/jcommander/1.78/jcommander-1.78.jar:/Users/kshitij.kumar/.m2/repository/org/webjars/jquery/3.5.1/jquery-3.5.1.jar:/Users/kshitij.kumar/.m2/repository/io/qameta/allure/allure-testng/2.17.0/allure-testng-2.17.0.jar:/Users/kshitij.kumar/.m2/repository/io/qameta/allure/allure-java-commons/2.17.0/allure-java-commons-2.17.0.jar:/Users/kshitij.kumar/.m2/repository/org/slf4j/slf4j-api/1.7.30/slf4j-api-1.7.30.jar:/Users/kshitij.kumar/.m2/repository/io/qameta/allure/allure-model/2.17.0/allure-model-2.17.0.jar:/Users/kshitij.kumar/.m2/repository/io/qameta/allure/allure-test-filter/2.17.0/allure-test-filter-2.17.0.jar:"/>
    <property name="sun.cpu.endian" value="little"/>
    <property name="user.home" value="/Users/kshitij.kumar"/>
    <property name="user.language" value="en"/>
    <property name="java.specification.vendor" value="Oracle Corporation"/>
    <property name="java.version.date" value="2021-10-19"/>
    <property name="java.home" value="/opt/homebrew/Cellar/openjdk/17.0.1_1/libexec/openjdk.jdk/Contents/Home"/>
    <property name="file.separator" value="/"/>
    <property name="basedir" value="/Users/kshitij.kumar/IdeaProjects/AutomationAssessment"/>
    <property name="java.vm.compressedOopsMode" value="Zero based"/>
    <property name="line.separator" value="&#10;"/>
    <property name="java.vm.specification.vendor" value="Oracle Corporation"/>
    <property name="java.specification.name" value="Java Platform API Specification"/>
    <property name="surefire.real.class.path" value="/Users/kshitij.kumar/IdeaProjects/AutomationAssessment/target/surefire/surefirebooter8799098214434782199.jar"/>
    <property name="sun.management.compiler" value="HotSpot 64-Bit Tiered Compilers"/>
    <property name="ftp.nonProxyHosts" value="local|*.local|169.254/16|*.169.254/16"/>
    <property name="java.runtime.version" value="17.0.1+1"/>
    <property name="user.name" value="kshitij.kumar"/>
    <property name="path.separator" value=":"/>
    <property name="os.version" value="12.0"/>
    <property name="java.runtime.name" value="OpenJDK Runtime Environment"/>
    <property name="file.encoding" value="US-ASCII"/>
    <property name="java.vm.name" value="OpenJDK 64-Bit Server VM"/>
    <property name="java.vendor.version" value="Homebrew"/>
    <property name="localRepository" value="/Users/kshitij.kumar/.m2/repository"/>
    <property name="java.vendor.url.bug" value="https://github.com/Homebrew/homebrew-core/issues"/>
    <property name="java.io.tmpdir" value="/var/folders/h4/w27dk65s4lz3ttr1h9gjd2q00lh8xp/T/"/>
    <property name="java.version" value="17.0.1"/>
    <property name="user.dir" value="/Users/kshitij.kumar/IdeaProjects/AutomationAssessment"/>
    <property name="os.arch" value="aarch64"/>
    <property name="java.vm.specification.name" value="Java Virtual Machine Specification"/>
    <property name="native.encoding" value="US-ASCII"/>
    <property name="java.library.path" value="/Users/kshitij.kumar/Library/Java/Extensions:/Library/Java/Extensions:/Network/Library/Java/Extensions:/System/Library/Java/Extensions:/usr/lib/java:."/>
    <property name="java.vm.info" value="mixed mode, sharing"/>
    <property name="java.vendor" value="Homebrew"/>
    <property name="java.vm.version" value="17.0.1+1"/>
    <property name="sun.io.unicode.encoding" value="UnicodeBig"/>
    <property name="socksNonProxyHosts" value="local|*.local|169.254/16|*.169.254/16"/>
    <property name="java.class.version" value="61.0"/>
  </properties>
  <testcase name="initImpl" classname="pagetests.contact.SuccessMessageTest" time="0.064"/>
  <testcase name="test_to_open_the_correct_site_and_get_success_message" classname="pagetests.contact.SuccessMessageTest" time="7.584"/>
  <testcase name="initImpl" classname="pagetests.contact.ErrorMessageTest" time="0"/>
  <testcase name="test_to_open_the_correct_site_and_get_error_message" classname="pagetests.contact.ErrorMessageTest" time="8.492"/>
  <testcase name="initImpl" classname="pagetests.addtocart.AddToCartTest" time="0.001"/>
  <testcase name="add_to_cart_and_verify_name_and_price" classname="pagetests.addtocart.AddToCartTest" time="34.684"/>
</testsuite>