<?xml version="1.0" encoding="UTF-8"?>
<!-- Generated by org.testng.reporters.JUnitReportReporter -->
<testsuite hostname="ndi-mb-246" failures="0" tests="2" name="pagetests.contact.ErrorMessageTest" time="8.491" errors="0" timestamp="2022-01-13T10:58:59 IST" skipped="0">
  <testcase classname="pagetests.contact.ErrorMessageTest" name="initImpl" time="0.004"/>
  <system-out/>
  <testcase classname="pagetests.contact.ErrorMessageTest" name="test_to_open_the_correct_site_and_get_error_message" time="8.487"/>
  <system-out/>
</testsuite> <!-- pagetests.contact.ErrorMessageTest -->
