<?xml version="1.0" encoding="UTF-8"?>
<!-- Generated by org.testng.reporters.JUnitReportReporter -->
<testsuite hostname="ndi-mb-246" failures="0" tests="2" name="pagetests.contact.SuccessMessageTest" time="7.695" errors="0" timestamp="2022-01-13T10:58:59 IST" skipped="0">
  <testcase classname="pagetests.contact.SuccessMessageTest" name="test_to_open_the_correct_site_and_get_success_message" time="7.582"/>
  <system-out/>
  <testcase classname="pagetests.contact.SuccessMessageTest" name="initImpl" time="0.113"/>
  <system-out/>
</testsuite> <!-- pagetests.contact.SuccessMessageTest -->
