<?xml version="1.0" encoding="UTF-8"?>
<!-- Generated by org.testng.reporters.JUnitReportReporter -->
<testsuite hostname="ndi-mb-246" failures="0" tests="2" name="pagetests.addtocart.AddToCartTest" time="34.690" errors="0" timestamp="2022-01-13T10:58:59 IST" skipped="0">
  <testcase classname="pagetests.addtocart.AddToCartTest" name="add_to_cart_and_verify_name_and_price" time="34.677"/>
  <system-out/>
  <testcase classname="pagetests.addtocart.AddToCartTest" name="initImpl" time="0.013"/>
  <system-out/>
</testsuite> <!-- pagetests.addtocart.AddToCartTest -->
